[35m[1mScanning dependencies of target horizontal_plane_detector_server[0m
[ 33%] [32mBuilding CXX object CMakeFiles/horizontal_plane_detector_server.dir/src/horizontal_plane_detector_server.cpp.o[0m
[01m[K/home/thomas/villa_perception_2018/src/villa_surface_detectors/src/horizontal_plane_detector_server.cpp:273:29:[m[K [01;31m[Kerror: [m[Kâ€˜[01m[Kvilla_surface_detectors[m[Kâ€™ has not been declared
 bool find_horizontal_planes(villa_surface_detectors::DetectHorizontalPlanes::Request &req, villa_surface_detectors::DetectHorizontalPlanes::Response &res){
[01;32m[K                             ^[m[K
[01m[K/home/thomas/villa_perception_2018/src/villa_surface_detectors/src/horizontal_plane_detector_server.cpp:273:87:[m[K [01;31m[Kerror: [m[Kâ€˜[01m[Kreq[m[Kâ€™ was not declared in this scope
 bool find_horizontal_planes(villa_surface_detectors::DetectHorizontalPlanes::Request &req, villa_surface_detectors::DetectHorizontalPlanes::Response &res){
[01;32m[K                                                                                       ^[m[K
[01m[K/home/thomas/villa_perception_2018/src/villa_surface_detectors/src/horizontal_plane_detector_server.cpp:273:92:[m[K [01;31m[Kerror: [m[Kâ€˜[01m[Kvilla_surface_detectors[m[Kâ€™ has not been declared
 bool find_horizontal_planes(villa_surface_detectors::DetectHorizontalPlanes::Request &req, villa_surface_detectors::DetectHorizontalPlanes::Response &res){
[01;32m[K                                                                                            ^[m[K
[01m[K/home/thomas/villa_perception_2018/src/villa_surface_detectors/src/horizontal_plane_detector_server.cpp:273:151:[m[K [01;31m[Kerror: [m[Kâ€˜[01m[Kres[m[Kâ€™ was not declared in this scope
 bool find_horizontal_planes(villa_surface_detectors::DetectHorizontalPlanes::Request &req, villa_surface_detectors::DetectHorizontalPlanes::Response &res){
[01;32m[K                                                                                                                                                       ^[m[K
[01m[K/home/thomas/villa_perception_2018/src/villa_surface_detectors/src/horizontal_plane_detector_server.cpp:273:154:[m[K [01;31m[Kerror: [m[Kexpression list treated as compound expression in initializer [-fpermissive]
 bool find_horizontal_planes(villa_surface_detectors::DetectHorizontalPlanes::Request &req, villa_surface_detectors::DetectHorizontalPlanes::Response &res){
[01;32m[K                                                                                                                                                          ^[m[K
[01m[K/home/thomas/villa_perception_2018/src/villa_surface_detectors/src/horizontal_plane_detector_server.cpp:273:155:[m[K [01;31m[Kerror: [m[Kexpected â€˜[01m[K,[m[Kâ€™ or â€˜[01m[K;[m[Kâ€™ before â€˜[01m[K{[m[Kâ€™ token
 bool find_horizontal_planes(villa_surface_detectors::DetectHorizontalPlanes::Request &req, villa_surface_detectors::DetectHorizontalPlanes::Response &res){
[01;32m[K                                                                                                                                                           ^[m[K
CMakeFiles/horizontal_plane_detector_server.dir/build.make:62: recipe for target 'CMakeFiles/horizontal_plane_detector_server.dir/src/horizontal_plane_detector_server.cpp.o' failed
make[2]: *** [CMakeFiles/horizontal_plane_detector_server.dir/src/horizontal_plane_detector_server.cpp.o] Error 1
CMakeFiles/Makefile2:67: recipe for target 'CMakeFiles/horizontal_plane_detector_server.dir/all' failed
make[1]: *** [CMakeFiles/horizontal_plane_detector_server.dir/all] Error 2
Makefile:138: recipe for target 'all' failed
make: *** [all] Error 2
