[  0%] Built target std_msgs_generate_messages_nodejs
[  0%] Built target std_msgs_generate_messages_cpp
[  0%] Built target geometry_msgs_generate_messages_cpp
[  0%] Built target visualization_msgs_generate_messages_nodejs
[  0%] Built target visualization_msgs_generate_messages_cpp
[  0%] Built target sensor_msgs_generate_messages_cpp
[  0%] Built target sensor_msgs_generate_messages_nodejs
[  0%] Built target geometry_msgs_generate_messages_py
[  0%] Built target visualization_msgs_generate_messages_py
[  0%] Built target geometry_msgs_generate_messages_nodejs
[  0%] Built target std_msgs_generate_messages_eus
[  0%] Built target std_msgs_generate_messages_py
[  0%] Built target sensor_msgs_generate_messages_py
[  0%] Built target sensor_msgs_generate_messages_eus
[  0%] Built target _villa_surface_detectors_generate_messages_check_deps_DetectHorizontalPlanes
[  0%] Built target visualization_msgs_generate_messages_lisp
[  0%] Built target visualization_msgs_generate_messages_eus
[  0%] Built target sensor_msgs_generate_messages_lisp
[  0%] Built target std_msgs_generate_messages_lisp
[  0%] Built target geometry_msgs_generate_messages_eus
[  0%] Built target geometry_msgs_generate_messages_lisp
[ 20%] Built target villa_surface_detectors_generate_messages_cpp
[ 20%] Built target villa_surface_detectors_generate_messages_nodejs
[ 40%] Built target villa_surface_detectors_generate_messages_py
[35m[1mScanning dependencies of target horizontal_plane_detector_tester[0m
make[2]: *** No rule to make target 'CMakeFiles/horizontal_plane_detector_tester.dir/build'.  Stop.
CMakeFiles/Makefile2:67: recipe for target 'CMakeFiles/horizontal_plane_detector_tester.dir/all' failed
make[1]: *** [CMakeFiles/horizontal_plane_detector_tester.dir/all] Error 2
make[1]: *** Waiting for unfinished jobs....
[ 70%] Built target villa_surface_detectors_generate_messages_lisp
[ 70%] Built target villa_surface_detectors_generate_messages_eus
[100%] Built target horizontal_plane_detector_server
Makefile:138: recipe for target 'all' failed
make: *** [all] Error 2
